<?xml version="1.0" encoding="UTF-8"?>
<testng-results skipped="0" failed="0" total="1" passed="1">
  <reporter-output>
  </reporter-output>
  <suite name="Banking App Testcases" duration-ms="4945" started-at="2021-07-17T14:56:29Z" finished-at="2021-07-17T14:56:34Z">
    <groups>
    </groups>
    <test name="Regression Test" duration-ms="4945" started-at="2021-07-17T14:56:29Z" finished-at="2021-07-17T14:56:34Z">
      <class name="test.LoginTest">
        <test-method status="PASS" signature="Setup()[pri:0, instance:test.LoginTest@7a1ebcd8]" name="Setup" is-config="true" duration-ms="3179" started-at="2021-07-17T14:56:29Z" finished-at="2021-07-17T14:56:33Z">
        </test-method> <!-- Setup -->
        <test-method status="PASS" signature="Testcase1(java.lang.String, java.lang.String)[pri:0, instance:test.LoginTest@7a1ebcd8]" name="Testcase1" duration-ms="1687" started-at="2021-07-17T14:56:33Z" finished-at="2021-07-17T14:56:34Z">
          <params>
            <param index="0">
              <value>
                <![CDATA[abc@xyz.com]]>
              </value>
            </param>
            <param index="1">
              <value>
                <![CDATA[abcd]]>
              </value>
            </param>
          </params>
        </test-method> <!-- Testcase1 -->
        <test-method status="PASS" signature="Cleanup()[pri:0, instance:test.LoginTest@7a1ebcd8]" name="Cleanup" is-config="true" duration-ms="68" started-at="2021-07-17T14:56:34Z" finished-at="2021-07-17T14:56:34Z">
        </test-method> <!-- Cleanup -->
      </class> <!-- test.LoginTest -->
    </test> <!-- Regression Test -->
  </suite> <!-- Banking App Testcases -->
</testng-results>
