<?xml version="1.0" encoding="UTF-8"?>
<testng-results skipped="0" failed="0" total="1" passed="1">
  <reporter-output>
  </reporter-output>
  <suite name="Banking App Testcases" duration-ms="6808" started-at="2021-07-11T17:24:53Z" finished-at="2021-07-11T17:24:59Z">
    <groups>
    </groups>
    <test name="Regression Test" duration-ms="6808" started-at="2021-07-11T17:24:53Z" finished-at="2021-07-11T17:24:59Z">
      <class name="test.LoginTest">
        <test-method status="PASS" signature="Setup()[pri:0, instance:test.LoginTest@32d2fa64]" name="Setup" is-config="true" duration-ms="3081" started-at="2021-07-11T17:24:53Z" finished-at="2021-07-11T17:24:56Z">
        </test-method> <!-- Setup -->
        <test-method status="PASS" signature="Testcase1(java.lang.String, java.lang.String)[pri:0, instance:test.LoginTest@32d2fa64]" name="Testcase1" duration-ms="3627" started-at="2021-07-11T17:24:56Z" finished-at="2021-07-11T17:24:59Z">
          <params>
            <param index="0">
              <value>
                <![CDATA[abc@xyz.com]]>
              </value>
            </param>
            <param index="1">
              <value>
                <![CDATA[abcd]]>
              </value>
            </param>
          </params>
        </test-method> <!-- Testcase1 -->
        <test-method status="PASS" signature="Cleanup()[pri:0, instance:test.LoginTest@32d2fa64]" name="Cleanup" is-config="true" duration-ms="85" started-at="2021-07-11T17:24:59Z" finished-at="2021-07-11T17:24:59Z">
        </test-method> <!-- Cleanup -->
      </class> <!-- test.LoginTest -->
    </test> <!-- Regression Test -->
  </suite> <!-- Banking App Testcases -->
</testng-results>
